<?xml version="1.0" encoding="UTF-8"?>
<!-- Generated by org.testng.reporters.JUnitXMLReporter -->
<testsuite ignored="0" hostname="MadhuYadav" failures="0" tests="5" name="Default test" time="0.072" errors="0" timestamp="2023-09-27T17:06:15 IST">
  <testcase classname="apple.bat2" name="close" time="0.01"/>
  <testcase classname="apple.bat2" name="app" time="0.002"/>
  <testcase classname="apple.bat2" name="login" time="0.002"/>
  <testcase classname="apple.bat2" name="logout" time="0.001"/>
  <testcase classname="apple.bat2" name="addemp" time="0.001"/>
</testsuite> <!-- Default test -->
