<?xml version="1.0" encoding="UTF-8"?>
<testng-results ignored="0" total="5" passed="5" failed="0" skipped="0">
  <reporter-output>
  </reporter-output>
  <suite started-at="2023-09-27T17:06:15 IST" name="Default suite" finished-at="2023-09-27T17:06:15 IST" duration-ms="72">
    <groups>
    </groups>
    <test started-at="2023-09-27T17:06:15 IST" name="Default test" finished-at="2023-09-27T17:06:15 IST" duration-ms="72">
      <class name="apple.bat2">
        <test-method signature="close()[pri:1, instance:apple.bat2@6adbc9d]" started-at="2023-09-27T17:06:15 IST" name="close" finished-at="2023-09-27T17:06:15 IST" duration-ms="10" status="PASS">
          <reporter-output>
          </reporter-output>
        </test-method> <!-- close -->
        <test-method signature="app()[pri:2, instance:apple.bat2@6adbc9d]" started-at="2023-09-27T17:06:15 IST" name="app" finished-at="2023-09-27T17:06:15 IST" duration-ms="2" status="PASS">
          <reporter-output>
          </reporter-output>
        </test-method> <!-- app -->
        <test-method signature="login()[pri:3, instance:apple.bat2@6adbc9d]" started-at="2023-09-27T17:06:15 IST" name="login" finished-at="2023-09-27T17:06:15 IST" duration-ms="2" status="PASS">
          <reporter-output>
          </reporter-output>
        </test-method> <!-- login -->
        <test-method signature="logout()[pri:4, instance:apple.bat2@6adbc9d]" started-at="2023-09-27T17:06:15 IST" name="logout" finished-at="2023-09-27T17:06:15 IST" duration-ms="1" status="PASS">
          <reporter-output>
          </reporter-output>
        </test-method> <!-- logout -->
        <test-method signature="addemp()[pri:5, instance:apple.bat2@6adbc9d]" started-at="2023-09-27T17:06:15 IST" name="addemp" finished-at="2023-09-27T17:06:15 IST" duration-ms="1" status="PASS">
          <reporter-output>
          </reporter-output>
        </test-method> <!-- addemp -->
      </class> <!-- apple.bat2 -->
    </test> <!-- Default test -->
  </suite> <!-- Default suite -->
</testng-results>
